<?xml version="1.0" encoding="UTF-8"?>
<!-- Generated by org.testng.reporters.JUnitReportReporter -->
<testsuite skipped="0" hostname="Dell" name="utilityClass.Alert1" tests="3" failures="0" timestamp="9 Jan 2023 15:58:35 GMT" time="44.179" errors="0">
  <testcase name="promptbox" time="12.310" classname="utilityClass.Alert1"/>
  <testcase name="simplealert" time="27.196" classname="utilityClass.Alert1"/>
  <testcase name="confirmalert" time="4.673" classname="utilityClass.Alert1"/>
</testsuite> <!-- utilityClass.Alert1 -->
