<?xml version="1.0" encoding="UTF-8"?>
<!-- Generated by org.testng.reporters.JUnitReportReporter -->
<testsuite skipped="0" hostname="Dell" name="utiltyClass.TestUtility" tests="1" failures="0" timestamp="28 Dec 2022 15:48:03 GMT" time="9.071" errors="0">
  <testcase name="TC_addition" time="9.071" classname="utiltyClass.TestUtility"/>
</testsuite> <!-- utiltyClass.TestUtility -->
