<?xml version="1.0" encoding="UTF-8"?>
<!-- Generated by org.testng.reporters.JUnitReportReporter -->
<testsuite skipped="0" hostname="Dell" name="testng.Test1Test" tests="1" failures="0" timestamp="21 Dec 2022 10:24:38 GMT" time="0.033" errors="0">
  <testcase name="tcTittle" time="0.033" classname="testng.Test1Test"/>
</testsuite> <!-- testng.Test1Test -->
